<?xml version="1.0" encoding="UTF-8"?>
<!-- Generated by org.testng.reporters.JUnitReportReporter -->
<testsuite hostname="Sangeeta" failures="0" tests="1" name="testNG_practice.Demo" time="0.016" errors="0" timestamp="2025-08-28T17:12:56 IST" skipped="0">
  <testcase classname="testNG_practice.Demo" name="test1" time="0.016"/>
</testsuite> <!-- testNG_practice.Demo -->
