<?xml version="1.0" encoding="UTF-8"?>
<!-- Generated by org.testng.reporters.JUnitReportReporter -->
<testsuite hostname="Sangeeta" failures="0" tests="3" name="practiceLearnigPurpose.Dataproviderpractice" time="0.028" errors="0" timestamp="2025-08-22T16:30:09 IST" skipped="0">
  <testcase classname="practiceLearnigPurpose.Dataproviderpractice" name="login" time="0.003"/>
  <testcase classname="practiceLearnigPurpose.Dataproviderpractice" name="login" time="0.021"/>
  <testcase classname="practiceLearnigPurpose.Dataproviderpractice" name="login" time="0.004"/>
</testsuite> <!-- practiceLearnigPurpose.Dataproviderpractice -->
