<?xml version="1.0" encoding="UTF-8"?>
<!-- Generated by org.testng.reporters.JUnitReportReporter -->
<testsuite hostname="Sangeeta" failures="0" tests="1" name="com.ninza.crm.producttestpractice.CreateProductWithMandatoryFiledsUsingPOMRepositoryTest" time="8.990" errors="1" timestamp="2025-09-14T23:07:36 IST" skipped="0">
  <testcase classname="com.ninza.crm.producttestpractice.CreateProductWithMandatoryFiledsUsingPOMRepositoryTest" name="createProductWithMandatoryFiledsUsingPOMRepositoryTest" time="8.990">
    <error message="io.github.bonigarcia.wdm.config.WebDriverManagerException: java.lang.IllegalArgumentException: URI is not absolute" type="io.github.bonigarcia.wdm.config.WebDriverManagerException">
      <![CDATA[io.github.bonigarcia.wdm.config.WebDriverManagerException: io.github.bonigarcia.wdm.config.WebDriverManagerException: java.lang.IllegalArgumentException: URI is not absolute
at io.github.bonigarcia.wdm.WebDriverManager.handleException(WebDriverManager.java:1447)
at io.github.bonigarcia.wdm.WebDriverManager.manage(WebDriverManager.java:1210)
at io.github.bonigarcia.wdm.WebDriverManager.fallback(WebDriverManager.java:1463)
at io.github.bonigarcia.wdm.WebDriverManager.handleException(WebDriverManager.java:1441)
at io.github.bonigarcia.wdm.WebDriverManager.manage(WebDriverManager.java:1210)
at io.github.bonigarcia.wdm.WebDriverManager.setup(WebDriverManager.java:429)
at com.ninza.crm.producttestpractice.CreateProductWithMandatoryFiledsUsingPOMRepositoryTest.createProductWithMandatoryFiledsUsingPOMRepositoryTest(CreateProductWithMandatoryFiledsUsingPOMRepositoryTest.java:67)
at java.base/jdk.internal.reflect.DirectMethodHandleAccessor.invoke(DirectMethodHandleAccessor.java:103)
at java.base/java.lang.reflect.Method.invoke(Method.java:580)
at org.testng.internal.invokers.MethodInvocationHelper.invokeMethod(MethodInvocationHelper.java:141)
at org.testng.internal.invokers.TestInvoker.invokeMethod(TestInvoker.java:687)
at org.testng.internal.invokers.TestInvoker.invokeTestMethod(TestInvoker.java:230)
at org.testng.internal.invokers.MethodRunner.runInSequence(MethodRunner.java:63)
at org.testng.internal.invokers.TestInvoker$MethodInvocationAgent.invoke(TestInvoker.java:995)
at org.testng.internal.invokers.TestInvoker.invokeTestMethods(TestInvoker.java:203)
at org.testng.internal.invokers.TestMethodWorker.invokeTestMethods(TestMethodWorker.java:154)
at org.testng.internal.invokers.TestMethodWorker.run(TestMethodWorker.java:134)
at java.base/java.util.ArrayList.forEach(ArrayList.java:1596)
at org.testng.TestRunner.privateRun(TestRunner.java:741)
at org.testng.TestRunner.run(TestRunner.java:616)
at org.testng.SuiteRunner.runTest(SuiteRunner.java:421)
at org.testng.SuiteRunner.runSequentially(SuiteRunner.java:413)
at org.testng.SuiteRunner.privateRun(SuiteRunner.java:373)
at org.testng.SuiteRunner.run(SuiteRunner.java:312)
at org.testng.SuiteRunnerWorker.runSuite(SuiteRunnerWorker.java:52)
at org.testng.SuiteRunnerWorker.run(SuiteRunnerWorker.java:95)
at org.testng.TestNG.runSuitesSequentially(TestNG.java:1274)
at org.testng.TestNG.runSuitesLocally(TestNG.java:1208)
at org.testng.TestNG.runSuites(TestNG.java:1112)
at org.testng.TestNG.run(TestNG.java:1079)
at org.testng.remote.AbstractRemoteTestNG.run(AbstractRemoteTestNG.java:115)
at org.testng.remote.RemoteTestNG.initAndRun(RemoteTestNG.java:293)
at org.testng.remote.RemoteTestNG.main(RemoteTestNG.java:91)
Caused by: io.github.bonigarcia.wdm.config.WebDriverManagerException: java.lang.IllegalArgumentException: URI is not absolute
at io.github.bonigarcia.wdm.managers.EdgeDriverManager.getDriversFromXml(EdgeDriverManager.java:308)
at io.github.bonigarcia.wdm.managers.EdgeDriverManager.getDriverUrls(EdgeDriverManager.java:138)
at io.github.bonigarcia.wdm.WebDriverManager.createUrlHandler(WebDriverManager.java:1468)
at io.github.bonigarcia.wdm.WebDriverManager.download(WebDriverManager.java:1298)
at io.github.bonigarcia.wdm.WebDriverManager.manage(WebDriverManager.java:1204)
... 31 more
Caused by: java.lang.IllegalArgumentException: URI is not absolute
at java.base/java.net.URL.of(URL.java:862)
at java.base/java.net.URI.toURL(URI.java:1172)
at io.github.bonigarcia.wdm.managers.EdgeDriverManager.getDriversFromXml(EdgeDriverManager.java:300)
... 35 more
]]>
    </error>
  </testcase> <!-- createProductWithMandatoryFiledsUsingPOMRepositoryTest -->
</testsuite> <!-- com.ninza.crm.producttestpractice.CreateProductWithMandatoryFiledsUsingPOMRepositoryTest -->
